@!@!@STARTMSG 2262:0 @!@!@
TLC2 Version 2.13 of 18 July 2018
@!@!@ENDMSG 2262 @!@!@
@!@!@STARTMSG 2187:0 @!@!@
Running breadth-first search Model-Checking with seed 3898187714053290411 with 4 workers on 8 cores with 608MB heap and 1365MB offheap memory (Mac OS X 10.13.6 x86_64, Oracle Corporation 1.8.0_172 x86_64).
@!@!@ENDMSG 2187 @!@!@
@!@!@STARTMSG 2220:0 @!@!@
Starting SANY...
@!@!@ENDMSG 2220 @!@!@
Parsing file /Users/vivek/Desktop/ques3.toolbox/Model_3/MC.tla
Parsing file /Users/vivek/Desktop/ques3.toolbox/Model_3/MutexLamport.tla
Parsing file /private/var/folders/21/kx9qb6b10f7d9vd8cps7p7sh0000gn/T/AppTranslocation/153CCE72-66A6-47A0-A981-E2B8BF66CE31/d/TLA+ Toolbox.app/Contents/Eclipse/plugins/org.lamport.tlatools_1.0.0.201807180447/tla2sany/StandardModules/TLC.tla
Parsing file /private/var/folders/21/kx9qb6b10f7d9vd8cps7p7sh0000gn/T/AppTranslocation/153CCE72-66A6-47A0-A981-E2B8BF66CE31/d/TLA+ Toolbox.app/Contents/Eclipse/plugins/org.lamport.tlatools_1.0.0.201807180447/tla2sany/StandardModules/Naturals.tla
Parsing file /private/var/folders/21/kx9qb6b10f7d9vd8cps7p7sh0000gn/T/AppTranslocation/153CCE72-66A6-47A0-A981-E2B8BF66CE31/d/TLA+ Toolbox.app/Contents/Eclipse/plugins/org.lamport.tlatools_1.0.0.201807180447/tla2sany/StandardModules/Sequences.tla
Parsing file /private/var/folders/21/kx9qb6b10f7d9vd8cps7p7sh0000gn/T/AppTranslocation/153CCE72-66A6-47A0-A981-E2B8BF66CE31/d/TLA+ Toolbox.app/Contents/Eclipse/plugins/org.lamport.tlatools_1.0.0.201807180447/tla2sany/StandardModules/FiniteSets.tla
Semantic processing of module Naturals
Semantic processing of module Sequences
Semantic processing of module MutexLamport
Semantic processing of module FiniteSets
Semantic processing of module TLC
Semantic processing of module MC
@!@!@STARTMSG 2219:0 @!@!@
SANY finished.
@!@!@ENDMSG 2219 @!@!@
@!@!@STARTMSG 2185:0 @!@!@
Starting... (2018-10-07 02:50:53)
@!@!@ENDMSG 2185 @!@!@
@!@!@STARTMSG 2189:0 @!@!@
Computing initial states...
@!@!@ENDMSG 2189 @!@!@
@!@!@STARTMSG 2190:0 @!@!@
Finished computing initial states: 1 distinct state generated.
@!@!@ENDMSG 2190 @!@!@
@!@!@STARTMSG 2200:0 @!@!@
Progress(18) at 2018-10-07 02:50:56: 173934 states generated (173,934 s/min), 48169 distinct states found (48,169 ds/min), 16932 states left on queue.
@!@!@ENDMSG 2200 @!@!@
@!@!@STARTMSG 2200:0 @!@!@
Progress(36) at 2018-10-07 02:51:56: 10027958 states generated (9,854,024 s/min), 2070482 distinct states found (2,022,313 ds/min), 228167 states left on queue.
@!@!@ENDMSG 2200 @!@!@
@!@!@STARTMSG 2200:0 @!@!@
Progress(41) at 2018-10-07 02:52:56: 20670747 states generated (10,642,789 s/min), 4059625 distinct states found (1,989,143 ds/min), 468679 states left on queue.
@!@!@ENDMSG 2200 @!@!@
@!@!@STARTMSG 2200:0 @!@!@
Progress(45) at 2018-10-07 02:53:56: 30640549 states generated (9,969,802 s/min), 5633287 distinct states found (1,573,662 ds/min), 352236 states left on queue.
@!@!@ENDMSG 2200 @!@!@
@!@!@STARTMSG 2201:0 @!@!@
The coverage statistics at 2018-10-07 02:53:56
@!@!@ENDMSG 2201 @!@!@
@!@!@STARTMSG 2221:0 @!@!@
  line 175, col 19 to line 175, col 53 of module MutexLamport: 1437427
@!@!@ENDMSG 2221 @!@!@
@!@!@STARTMSG 2221:0 @!@!@
  line 176, col 32 to line 176, col 38 of module MutexLamport: 1437427
@!@!@ENDMSG 2221 @!@!@
@!@!@STARTMSG 2221:0 @!@!@
  line 176, col 41 to line 176, col 45 of module MutexLamport: 1437427
@!@!@ENDMSG 2221 @!@!@
@!@!@STARTMSG 2221:0 @!@!@
  line 176, col 48 to line 176, col 51 of module MutexLamport: 1437427
@!@!@ENDMSG 2221 @!@!@
@!@!@STARTMSG 2221:0 @!@!@
  line 176, col 54 to line 176, col 57 of module MutexLamport: 1437427
@!@!@ENDMSG 2221 @!@!@
@!@!@STARTMSG 2221:0 @!@!@
  line 180, col 19 to line 180, col 51 of module MutexLamport: 1374306
@!@!@ENDMSG 2221 @!@!@
@!@!@STARTMSG 2221:0 @!@!@
  line 181, col 32 to line 181, col 38 of module MutexLamport: 1374306
@!@!@ENDMSG 2221 @!@!@
@!@!@STARTMSG 2221:0 @!@!@
  line 181, col 41 to line 181, col 45 of module MutexLamport: 1374306
@!@!@ENDMSG 2221 @!@!@
@!@!@STARTMSG 2221:0 @!@!@
  line 181, col 48 to line 181, col 51 of module MutexLamport: 1374306
@!@!@ENDMSG 2221 @!@!@
@!@!@STARTMSG 2221:0 @!@!@
  line 181, col 54 to line 181, col 57 of module MutexLamport: 1374306
@!@!@ENDMSG 2221 @!@!@
@!@!@STARTMSG 2221:0 @!@!@
  line 184, col 17 to line 185, col 79 of module MutexLamport: 1301751
@!@!@ENDMSG 2221 @!@!@
@!@!@STARTMSG 2221:0 @!@!@
  line 186, col 17 to line 186, col 50 of module MutexLamport: 1301750
@!@!@ENDMSG 2221 @!@!@
@!@!@STARTMSG 2221:0 @!@!@
  line 187, col 17 to line 187, col 51 of module MutexLamport: 1301750
@!@!@ENDMSG 2221 @!@!@
@!@!@STARTMSG 2221:0 @!@!@
  line 188, col 30 to line 188, col 34 of module MutexLamport: 1301750
@!@!@ENDMSG 2221 @!@!@
@!@!@STARTMSG 2221:0 @!@!@
  line 188, col 37 to line 188, col 40 of module MutexLamport: 1301751
@!@!@ENDMSG 2221 @!@!@
@!@!@STARTMSG 2221:0 @!@!@
  line 194, col 19 to line 194, col 52 of module MutexLamport: 115186
@!@!@ENDMSG 2221 @!@!@
@!@!@STARTMSG 2221:0 @!@!@
  line 195, col 32 to line 195, col 38 of module MutexLamport: 115186
@!@!@ENDMSG 2221 @!@!@
@!@!@STARTMSG 2221:0 @!@!@
  line 195, col 41 to line 195, col 45 of module MutexLamport: 115186
@!@!@ENDMSG 2221 @!@!@
@!@!@STARTMSG 2221:0 @!@!@
  line 195, col 48 to line 195, col 51 of module MutexLamport: 115186
@!@!@ENDMSG 2221 @!@!@
@!@!@STARTMSG 2221:0 @!@!@
  line 195, col 54 to line 195, col 57 of module MutexLamport: 115186
@!@!@ENDMSG 2221 @!@!@
@!@!@STARTMSG 2221:0 @!@!@
  line 199, col 18 to line 199, col 51 of module MutexLamport: 109509
@!@!@ENDMSG 2221 @!@!@
@!@!@STARTMSG 2221:0 @!@!@
  line 200, col 31 to line 200, col 37 of module MutexLamport: 109509
@!@!@ENDMSG 2221 @!@!@
@!@!@STARTMSG 2221:0 @!@!@
  line 200, col 40 to line 200, col 44 of module MutexLamport: 109509
@!@!@ENDMSG 2221 @!@!@
@!@!@STARTMSG 2221:0 @!@!@
  line 200, col 47 to line 200, col 50 of module MutexLamport: 109509
@!@!@ENDMSG 2221 @!@!@
@!@!@STARTMSG 2221:0 @!@!@
  line 200, col 53 to line 200, col 56 of module MutexLamport: 109509
@!@!@ENDMSG 2221 @!@!@
@!@!@STARTMSG 2221:0 @!@!@
  line 203, col 18 to line 203, col 71 of module MutexLamport: 105194
@!@!@ENDMSG 2221 @!@!@
@!@!@STARTMSG 2221:0 @!@!@
  line 204, col 18 to line 204, col 52 of module MutexLamport: 105194
@!@!@ENDMSG 2221 @!@!@
@!@!@STARTMSG 2221:0 @!@!@
  line 205, col 31 to line 205, col 35 of module MutexLamport: 105194
@!@!@ENDMSG 2221 @!@!@
@!@!@STARTMSG 2221:0 @!@!@
  line 205, col 38 to line 205, col 41 of module MutexLamport: 105194
@!@!@ENDMSG 2221 @!@!@
@!@!@STARTMSG 2221:0 @!@!@
  line 205, col 44 to line 205, col 47 of module MutexLamport: 105194
@!@!@ENDMSG 2221 @!@!@
@!@!@STARTMSG 2221:0 @!@!@
  line 222, col 43 to line 223, col 104 of module MutexLamport: 9237281
@!@!@ENDMSG 2221 @!@!@
@!@!@STARTMSG 2221:0 @!@!@
  line 224, col 37 to line 224, col 95 of module MutexLamport: 9237281
@!@!@ENDMSG 2221 @!@!@
@!@!@STARTMSG 2221:0 @!@!@
  line 225, col 37 to line 225, col 85 of module MutexLamport: 9237279
@!@!@ENDMSG 2221 @!@!@
@!@!@STARTMSG 2221:0 @!@!@
  line 226, col 37 to line 226, col 48 of module MutexLamport: 9237281
@!@!@ENDMSG 2221 @!@!@
@!@!@STARTMSG 2221:0 @!@!@
  line 228, col 48 to line 228, col 92 of module MutexLamport: 8095823
@!@!@ENDMSG 2221 @!@!@
@!@!@STARTMSG 2221:0 @!@!@
  line 229, col 48 to line 229, col 62 of module MutexLamport: 8095823
@!@!@ENDMSG 2221 @!@!@
@!@!@STARTMSG 2221:0 @!@!@
  line 230, col 48 to line 230, col 59 of module MutexLamport: 8095821
@!@!@ENDMSG 2221 @!@!@
@!@!@STARTMSG 2221:0 @!@!@
  line 235, col 74 to line 235, col 164 of module MutexLamport: 8865195
@!@!@ENDMSG 2221 @!@!@
@!@!@STARTMSG 2221:0 @!@!@
  line 237, col 74 to line 237, col 85 of module MutexLamport: 0
@!@!@ENDMSG 2221 @!@!@
@!@!@STARTMSG 2221:0 @!@!@
  line 238, col 59 to line 238, col 73 of module MutexLamport: 8865193
@!@!@ENDMSG 2221 @!@!@
@!@!@STARTMSG 2221:0 @!@!@
  line 240, col 72 to line 240, col 78 of module MutexLamport: 0
@!@!@ENDMSG 2221 @!@!@
@!@!@STARTMSG 2221:0 @!@!@
  line 241, col 72 to line 241, col 75 of module MutexLamport: 0
@!@!@ENDMSG 2221 @!@!@
@!@!@STARTMSG 2221:0 @!@!@
  line 242, col 48 to line 242, col 59 of module MutexLamport: 8865194
@!@!@ENDMSG 2221 @!@!@
@!@!@STARTMSG 2221:0 @!@!@
  line 243, col 37 to line 243, col 50 of module MutexLamport: 16961018
@!@!@ENDMSG 2221 @!@!@
@!@!@STARTMSG 2221:0 @!@!@
  line 244, col 18 to line 244, col 51 of module MutexLamport: 26198291
@!@!@ENDMSG 2221 @!@!@
@!@!@STARTMSG 2202:0 @!@!@
End of statistics.
@!@!@ENDMSG 2202 @!@!@
@!@!@STARTMSG 2200:0 @!@!@
Progress(52) at 2018-10-07 02:54:56: 41288554 states generated (10,648,005 s/min), 7296861 distinct states found (1,663,574 ds/min), 254291 states left on queue.
@!@!@ENDMSG 2200 @!@!@
@!@!@STARTMSG 2193:0 @!@!@
Model checking completed. No error has been found.
  Estimates of the probability that TLC did not check all reachable states
  because two distinct states had the same fingerprint:
  calculated (optimistic):  val = 1.8E-5
  based on the actual fingerprints:  val = 1.7E-6
@!@!@ENDMSG 2193 @!@!@
@!@!@STARTMSG 2201:0 @!@!@
The coverage statistics at 2018-10-07 02:55:37
@!@!@ENDMSG 2201 @!@!@
@!@!@STARTMSG 2221:0 @!@!@
  line 175, col 19 to line 175, col 53 of module MutexLamport: 2460577
@!@!@ENDMSG 2221 @!@!@
@!@!@STARTMSG 2221:0 @!@!@
  line 176, col 32 to line 176, col 38 of module MutexLamport: 2460577
@!@!@ENDMSG 2221 @!@!@
@!@!@STARTMSG 2221:0 @!@!@
  line 176, col 41 to line 176, col 45 of module MutexLamport: 2460577
@!@!@ENDMSG 2221 @!@!@
@!@!@STARTMSG 2221:0 @!@!@
  line 176, col 48 to line 176, col 51 of module MutexLamport: 2460577
@!@!@ENDMSG 2221 @!@!@
@!@!@STARTMSG 2221:0 @!@!@
  line 176, col 54 to line 176, col 57 of module MutexLamport: 2460577
@!@!@ENDMSG 2221 @!@!@
@!@!@STARTMSG 2221:0 @!@!@
  line 180, col 19 to line 180, col 51 of module MutexLamport: 2460577
@!@!@ENDMSG 2221 @!@!@
@!@!@STARTMSG 2221:0 @!@!@
  line 181, col 32 to line 181, col 38 of module MutexLamport: 2460577
@!@!@ENDMSG 2221 @!@!@
@!@!@STARTMSG 2221:0 @!@!@
  line 181, col 41 to line 181, col 45 of module MutexLamport: 2460577
@!@!@ENDMSG 2221 @!@!@
@!@!@STARTMSG 2221:0 @!@!@
  line 181, col 48 to line 181, col 51 of module MutexLamport: 2460577
@!@!@ENDMSG 2221 @!@!@
@!@!@STARTMSG 2221:0 @!@!@
  line 181, col 54 to line 181, col 57 of module MutexLamport: 2460577
@!@!@ENDMSG 2221 @!@!@
@!@!@STARTMSG 2221:0 @!@!@
  line 184, col 17 to line 185, col 79 of module MutexLamport: 2460577
@!@!@ENDMSG 2221 @!@!@
@!@!@STARTMSG 2221:0 @!@!@
  line 186, col 17 to line 186, col 50 of module MutexLamport: 2460577
@!@!@ENDMSG 2221 @!@!@
@!@!@STARTMSG 2221:0 @!@!@
  line 187, col 17 to line 187, col 51 of module MutexLamport: 2460577
@!@!@ENDMSG 2221 @!@!@
@!@!@STARTMSG 2221:0 @!@!@
  line 188, col 30 to line 188, col 34 of module MutexLamport: 2460577
@!@!@ENDMSG 2221 @!@!@
@!@!@STARTMSG 2221:0 @!@!@
  line 188, col 37 to line 188, col 40 of module MutexLamport: 2460577
@!@!@ENDMSG 2221 @!@!@
@!@!@STARTMSG 2221:0 @!@!@
  line 194, col 19 to line 194, col 52 of module MutexLamport: 149410
@!@!@ENDMSG 2221 @!@!@
@!@!@STARTMSG 2221:0 @!@!@
  line 195, col 32 to line 195, col 38 of module MutexLamport: 149410
@!@!@ENDMSG 2221 @!@!@
@!@!@STARTMSG 2221:0 @!@!@
  line 195, col 41 to line 195, col 45 of module MutexLamport: 149410
@!@!@ENDMSG 2221 @!@!@
@!@!@STARTMSG 2221:0 @!@!@
  line 195, col 48 to line 195, col 51 of module MutexLamport: 149410
@!@!@ENDMSG 2221 @!@!@
@!@!@STARTMSG 2221:0 @!@!@
  line 195, col 54 to line 195, col 57 of module MutexLamport: 149410
@!@!@ENDMSG 2221 @!@!@
@!@!@STARTMSG 2221:0 @!@!@
  line 199, col 18 to line 199, col 51 of module MutexLamport: 149410
@!@!@ENDMSG 2221 @!@!@
@!@!@STARTMSG 2221:0 @!@!@
  line 200, col 31 to line 200, col 37 of module MutexLamport: 149410
@!@!@ENDMSG 2221 @!@!@
@!@!@STARTMSG 2221:0 @!@!@
  line 200, col 40 to line 200, col 44 of module MutexLamport: 149410
@!@!@ENDMSG 2221 @!@!@
@!@!@STARTMSG 2221:0 @!@!@
  line 200, col 47 to line 200, col 50 of module MutexLamport: 149410
@!@!@ENDMSG 2221 @!@!@
@!@!@STARTMSG 2221:0 @!@!@
  line 200, col 53 to line 200, col 56 of module MutexLamport: 149410
@!@!@ENDMSG 2221 @!@!@
@!@!@STARTMSG 2221:0 @!@!@
  line 203, col 18 to line 203, col 71 of module MutexLamport: 149410
@!@!@ENDMSG 2221 @!@!@
@!@!@STARTMSG 2221:0 @!@!@
  line 204, col 18 to line 204, col 52 of module MutexLamport: 149410
@!@!@ENDMSG 2221 @!@!@
@!@!@STARTMSG 2221:0 @!@!@
  line 205, col 31 to line 205, col 35 of module MutexLamport: 149410
@!@!@ENDMSG 2221 @!@!@
@!@!@STARTMSG 2221:0 @!@!@
  line 205, col 38 to line 205, col 41 of module MutexLamport: 149410
@!@!@ENDMSG 2221 @!@!@
@!@!@STARTMSG 2221:0 @!@!@
  line 205, col 44 to line 205, col 47 of module MutexLamport: 149410
@!@!@ENDMSG 2221 @!@!@
@!@!@STARTMSG 2221:0 @!@!@
  line 222, col 43 to line 223, col 104 of module MutexLamport: 14196605
@!@!@ENDMSG 2221 @!@!@
@!@!@STARTMSG 2221:0 @!@!@
  line 224, col 37 to line 224, col 95 of module MutexLamport: 14196605
@!@!@ENDMSG 2221 @!@!@
@!@!@STARTMSG 2221:0 @!@!@
  line 225, col 37 to line 225, col 85 of module MutexLamport: 14196605
@!@!@ENDMSG 2221 @!@!@
@!@!@STARTMSG 2221:0 @!@!@
  line 226, col 37 to line 226, col 48 of module MutexLamport: 14196605
@!@!@ENDMSG 2221 @!@!@
@!@!@STARTMSG 2221:0 @!@!@
  line 228, col 48 to line 228, col 92 of module MutexLamport: 10472754
@!@!@ENDMSG 2221 @!@!@
@!@!@STARTMSG 2221:0 @!@!@
  line 229, col 48 to line 229, col 62 of module MutexLamport: 10472754
@!@!@ENDMSG 2221 @!@!@
@!@!@STARTMSG 2221:0 @!@!@
  line 230, col 48 to line 230, col 59 of module MutexLamport: 10472754
@!@!@ENDMSG 2221 @!@!@
@!@!@STARTMSG 2221:0 @!@!@
  line 235, col 74 to line 235, col 164 of module MutexLamport: 15564496
@!@!@ENDMSG 2221 @!@!@
@!@!@STARTMSG 2221:0 @!@!@
  line 237, col 74 to line 237, col 85 of module MutexLamport: 0
@!@!@ENDMSG 2221 @!@!@
@!@!@STARTMSG 2221:0 @!@!@
  line 238, col 59 to line 238, col 73 of module MutexLamport: 15564496
@!@!@ENDMSG 2221 @!@!@
@!@!@STARTMSG 2221:0 @!@!@
  line 240, col 72 to line 240, col 78 of module MutexLamport: 0
@!@!@ENDMSG 2221 @!@!@
@!@!@STARTMSG 2221:0 @!@!@
  line 241, col 72 to line 241, col 75 of module MutexLamport: 0
@!@!@ENDMSG 2221 @!@!@
@!@!@STARTMSG 2221:0 @!@!@
  line 242, col 48 to line 242, col 59 of module MutexLamport: 15564496
@!@!@ENDMSG 2221 @!@!@
@!@!@STARTMSG 2221:0 @!@!@
  line 243, col 37 to line 243, col 50 of module MutexLamport: 26037250
@!@!@ENDMSG 2221 @!@!@
@!@!@STARTMSG 2221:0 @!@!@
  line 244, col 18 to line 244, col 51 of module MutexLamport: 40233855
@!@!@ENDMSG 2221 @!@!@
@!@!@STARTMSG 2202:0 @!@!@
End of statistics.
@!@!@ENDMSG 2202 @!@!@
@!@!@STARTMSG 2200:0 @!@!@
Progress(69) at 2018-10-07 02:55:37: 48063817 states generated (10,126,301 s/min), 8090226 distinct states found (1,704,485 ds/min), 0 states left on queue.
@!@!@ENDMSG 2200 @!@!@
@!@!@STARTMSG 2199:0 @!@!@
48063817 states generated, 8090226 distinct states found, 0 states left on queue.
@!@!@ENDMSG 2199 @!@!@
@!@!@STARTMSG 2194:0 @!@!@
The depth of the complete state graph search is 69.
@!@!@ENDMSG 2194 @!@!@
@!@!@STARTMSG 2268:0 @!@!@
The average outdegree of the complete state graph is 1 (minimum is 0, the maximum 10 and the 95th percentile is 3).
@!@!@ENDMSG 2268 @!@!@
@!@!@STARTMSG 2186:0 @!@!@
Finished in 285166ms at (2018-10-07 02:55:37)
@!@!@ENDMSG 2186 @!@!@
